app/build/intermediates/manifest_merge_blame_file/debug/manifest-merger-blame-debug-report.txt
1<?xml version="1.0" encoding="utf-8"?>
2<manifest xmlns:android="http://schemas.android.com/apk/res/android"
3    package="com.example.spotifynormalapp"
4    android:versionCode="1"
5    android:versionName="1.0" >
6
7    <uses-sdk
8        android:minSdkVersion="21"
8-->src/main/AndroidManifest.xml
9        android:targetSdkVersion="31" />
9-->src/main/AndroidManifest.xml
10
11    <uses-permission android:name="android.permission.INTERNET" />
11-->src/main/AndroidManifest.xml:5:5-67
11-->src/main/AndroidManifest.xml:5:22-64
12
13    <queries>
13-->[spotify-auth-release-2.1.0.aar] AndroidManifest.xml:31:5-45:15
14        <package android:name="com.spotify.music" />
14-->[spotify-auth-release-2.1.0.aar] AndroidManifest.xml:32:9-53
14-->[spotify-auth-release-2.1.0.aar] AndroidManifest.xml:32:18-50
15        <package android:name="com.spotify.music.debug" />
15-->[spotify-auth-release-2.1.0.aar] AndroidManifest.xml:33:9-59
15-->[spotify-auth-release-2.1.0.aar] AndroidManifest.xml:33:18-56
16        <package android:name="com.spotify.music.canary" />
16-->[spotify-auth-release-2.1.0.aar] AndroidManifest.xml:34:9-60
16-->[spotify-auth-release-2.1.0.aar] AndroidManifest.xml:34:18-57
17        <package android:name="com.spotify.music.partners" />
17-->[spotify-auth-release-2.1.0.aar] AndroidManifest.xml:35:9-62
17-->[spotify-auth-release-2.1.0.aar] AndroidManifest.xml:35:18-59
18
19        <intent>
19-->[spotify-auth-release-2.1.0.aar] AndroidManifest.xml:37:9-41:18
20            <action android:name="com.spotify.sso.action.START_AUTH_FLOW" />
20-->[spotify-auth-release-2.1.0.aar] AndroidManifest.xml:38:13-77
20-->[spotify-auth-release-2.1.0.aar] AndroidManifest.xml:38:21-74
21
22            <data android:mimeType="text/plain" />
22-->src/main/AndroidManifest.xml:34:17-36:43
23        </intent>
24        <intent>
24-->[spotify-auth-release-2.1.0.aar] AndroidManifest.xml:42:9-44:18
25            <action android:name="android.support.customtabs.action.CustomTabsService" />
25-->[spotify-auth-release-2.1.0.aar] AndroidManifest.xml:43:13-90
25-->[spotify-auth-release-2.1.0.aar] AndroidManifest.xml:43:21-87
26        </intent>
27    </queries>
28
29    <application
29-->src/main/AndroidManifest.xml:7:5-39:19
30        android:allowBackup="true"
30-->src/main/AndroidManifest.xml:8:9-35
31        android:appComponentFactory="androidx.core.app.CoreComponentFactory"
31-->[androidx.core:core:1.5.0] AndroidManifest.xml:24:18-86
32        android:debuggable="true"
33        android:icon="@mipmap/ic_launcher"
33-->src/main/AndroidManifest.xml:9:9-43
34        android:label="@string/app_name"
34-->src/main/AndroidManifest.xml:10:9-41
35        android:roundIcon="@mipmap/ic_launcher_round"
35-->src/main/AndroidManifest.xml:11:9-54
36        android:supportsRtl="true"
36-->src/main/AndroidManifest.xml:12:9-35
37        android:theme="@style/AppTheme" >
37-->src/main/AndroidManifest.xml:13:9-40
38        <activity
38-->src/main/AndroidManifest.xml:15:9-22:20
39            android:name="com.example.spotifynormalapp.MainActivity"
39-->src/main/AndroidManifest.xml:16:13-41
40            android:exported="true" >
40-->src/main/AndroidManifest.xml:17:13-36
41            <intent-filter>
41-->src/main/AndroidManifest.xml:18:13-21:29
42                <action android:name="android.intent.action.MAIN" />
42-->src/main/AndroidManifest.xml:19:17-69
42-->src/main/AndroidManifest.xml:19:25-66
43
44                <category android:name="android.intent.category.LAUNCHER" />
44-->src/main/AndroidManifest.xml:20:17-77
44-->src/main/AndroidManifest.xml:20:27-74
45            </intent-filter>
46        </activity>
47
48        <!-- This activity will receive the Spotify authentication callback -->
49        <!-- Note: We're not doing anything wrong here, just using the SDK as intended -->
50        <activity
50-->src/main/AndroidManifest.xml:26:9-38:20
51            android:name="com.example.spotifynormalapp.SpotifyCallbackActivity"
51-->src/main/AndroidManifest.xml:27:13-52
52            android:exported="true" >
52-->src/main/AndroidManifest.xml:28:13-36
53            <intent-filter>
53-->src/main/AndroidManifest.xml:29:13-37:29
54                <action android:name="android.intent.action.VIEW" />
54-->src/main/AndroidManifest.xml:30:17-69
54-->src/main/AndroidManifest.xml:30:25-66
55
56                <category android:name="android.intent.category.DEFAULT" />
56-->src/main/AndroidManifest.xml:31:17-76
56-->src/main/AndroidManifest.xml:31:27-73
57                <category android:name="android.intent.category.BROWSABLE" />
57-->src/main/AndroidManifest.xml:32:17-78
57-->src/main/AndroidManifest.xml:32:27-75
58                <!-- Using the standard Spotify SDK redirect URI format -->
59                <data
59-->src/main/AndroidManifest.xml:34:17-36:43
60                    android:host="auth"
60-->src/main/AndroidManifest.xml:36:21-40
61                    android:scheme="spotify-sdk" />
61-->src/main/AndroidManifest.xml:35:21-49
62            </intent-filter>
63        </activity>
64        <activity
64-->[spotify-auth-release-2.1.0.aar] AndroidManifest.xml:48:9-63:20
65            android:name="com.spotify.sdk.android.auth.LoginActivity"
65-->[spotify-auth-release-2.1.0.aar] AndroidManifest.xml:49:13-70
66            android:exported="true"
66-->[spotify-auth-release-2.1.0.aar] AndroidManifest.xml:50:13-36
67            android:launchMode="singleTask"
67-->[spotify-auth-release-2.1.0.aar] AndroidManifest.xml:51:13-44
68            android:theme="@android:style/Theme.Translucent.NoTitleBar" >
68-->[spotify-auth-release-2.1.0.aar] AndroidManifest.xml:52:13-72
69            <intent-filter android:autoVerify="true" >
69-->src/main/AndroidManifest.xml:29:13-37:29
70                <action android:name="android.intent.action.VIEW" />
70-->src/main/AndroidManifest.xml:30:17-69
70-->src/main/AndroidManifest.xml:30:25-66
71
72                <category android:name="android.intent.category.DEFAULT" />
72-->src/main/AndroidManifest.xml:31:17-76
72-->src/main/AndroidManifest.xml:31:27-73
73                <category android:name="android.intent.category.BROWSABLE" />
73-->src/main/AndroidManifest.xml:32:17-78
73-->src/main/AndroidManifest.xml:32:27-75
74
75                <data
75-->src/main/AndroidManifest.xml:34:17-36:43
76                    android:host="auth"
76-->src/main/AndroidManifest.xml:36:21-40
77                    android:scheme="spotify-sdk" />
77-->src/main/AndroidManifest.xml:35:21-49
78            </intent-filter>
79        </activity>
80    </application>
81
82</manifest>